sinag@sina-dsk:.../build$ /usr/bin/time -v ./bin/fmindex_construct --reference ../data/hg38_partial.fasta.gz --index myIndex.index                                                                                                            Index.index
Saving 2FM-Index ... done
        Command being timed: "./bin/fmindex_construct --reference ../data/hg38_partial.fasta.gz --index myIndex.index"
        User time (seconds): 115.09
        System time (seconds): 0.79
        Percent of CPU this job got: 99%
        Elapsed (wall clock) time (h:mm:ss or m:ss): 1:56.03
        Average shared text size (kbytes): 0
        Average unshared data size (kbytes): 0
        Average stack size (kbytes): 0
        Average total size (kbytes): 0
        Maximum resident set size (kbytes): 1046620
        Average resident set size (kbytes): 0
        Major (requiring I/O) page faults: 0
        Minor (reclaiming a frame) page faults: 344140
        Voluntary context switches: 0
        Involuntary context switches: 0
        Swaps: 0
        File system inputs: 0
        File system outputs: 0
        Socket messages sent: 0
        Socket messages received: 0
        Signals delivered: 0
        Page size (bytes): 4096
        Exit status: 0