Loading 2FM-Index ... done
	Found query 0 at 53602660
	Found query 2 at 53134011
	Found query 7 at 52688729
	Found query 9 at 49549225
	Found query 11 at 47333885
	Found query 12 at 53289771
	Found query 13 at 35595015
	Found query 15 at 45292932
	Found query 17 at 45320175
	Found query 18 at 26609800
	Found query 21 at 30654369
	Found query 25 at 51685586
	Found query 29 at 56452999
	Found query 30 at 37707359
	Found query 32 at 55999386
	Found query 35 at 34289837
	Found query 38 at 53863250
	Found query 40 at 37438725
	Found query 44 at 55097256
	Found query 46 at 39379822
	Found query 47 at 54559781
	Found query 51 at 43812516
	Found query 52 at 31289441
	Found query 55 at 26216341
	Found query 56 at 31267198
	Found query 57 at 36140018
	Found query 59 at 29933113
	Found query 62 at 37293624
	Found query 65 at 43792399
	Found query 67 at 54622110
	Found query 68 at 40091701
	Found query 69 at 51470337
	Found query 71 at 49498027
	Found query 73 at 55060391
	Found query 77 at 51251170
	Found query 84 at 50127589
	Found query 88 at 40585860
	Found query 89 at 46858484
	Found query 96 at 41873220
	Found query 98 at 52560256
	Found query 101 at 46894069
	Found query 102 at 54251334
	Found query 103 at 40376389
	Found query 104 at 54828671
	Found query 105 at 54943093
	Found query 106 at 40573789
	Found query 107 at 36995130
	Found query 109 at 49221465
	Found query 110 at 55498906
	Found query 112 at 49152306
	Found query 114 at 41408802
	Found query 117 at 56161296
	Found query 118 at 36123580
	Found query 119 at 52029102
	Found query 120 at 48342453
	Found query 124 at 55102675
	Found query 125 at 45624727
	Found query 131 at 35437713
	Found query 137 at 42405055
	Found query 141 at 44717815
	Found query 142 at 38836818
	Found query 143 at 35715112
	Found query 145 at 32287905
	Found query 147 at 42220249
	Found query 148 at 37525507
	Found query 150 at 47826726
	Found query 152 at 54224241
	Found query 153 at 27915635
	Found query 164 at 27371753
	Found query 166 at 46794223
	Found query 167 at 27043714
	Found query 168 at 34451322
	Found query 170 at 32907350
	Found query 172 at 54007540
	Found query 180 at 33504281
	Found query 182 at 32377184
	Found query 183 at 56259170
	Found query 186 at 39358536
	Found query 188 at 48926001
	Found query 189 at 50305110
	Found query 193 at 37311218
	Found query 201 at 26263892
	Found query 202 at 26773284
	Found query 207 at 33865476
	Found query 210 at 56007784
	Found query 213 at 31488852
	Found query 214 at 42573209
	Found query 217 at 38154881
	Found query 218 at 44767582
	Found query 220 at 51391507
	Found query 221 at 33601648
	Found query 226 at 56090228
	Found query 227 at 45589891
	Found query 230 at 49925208
	Found query 233 at 36538423
	Found query 234 at 41479102
	Found query 237 at 40184728
	Found query 239 at 50517262
	Found query 240 at 45268470
	Found query 241 at 49678227
	Found query 246 at 38682402
	Found query 247 at 53580056
	Found query 250 at 30494945
	Found query 253 at 28491887
	Found query 254 at 47046081
	Found query 255 at 47934062
	Found query 257 at 52782594
	Found query 258 at 28775541
	Found query 260 at 40160229
	Found query 261 at 51208027
	Found query 264 at 29620214
	Found query 265 at 42422382
	Found query 269 at 41419483
	Found query 273 at 53973712
	Found query 276 at 34072300
	Found query 278 at 39259246
	Found query 284 at 47361468
	Found query 289 at 31063730
	Found query 291 at 40335290
	Found query 295 at 55371771
	Found query 307 at 32958127
	Found query 309 at 51309884
	Found query 310 at 51577790
	Found query 312 at 48673234
	Found query 313 at 37297698
	Found query 320 at 25583835
	Found query 322 at 26601954
	Found query 323 at 38127231
	Found query 328 at 49152313
	Found query 329 at 28312630
	Found query 331 at 28771468
	Found query 333 at 26083496
	Found query 335 at 50018066
	Found query 337 at 28882005
	Found query 338 at 32599082
	Found query 340 at 42500016
	Found query 343 at 40350656
	Found query 350 at 55059281
	Found query 351 at 50341402
	Found query 352 at 32366236
	Found query 353 at 49319591
	Found query 357 at 42208237
	Found query 358 at 26131778
	Found query 360 at 44834396
	Found query 363 at 39203401
	Found query 364 at 55776540
	Found query 365 at 42634726
	Found query 366 at 44498542
	Found query 367 at 31412452
	Found query 368 at 55508477
	Found query 369 at 28502648
	Found query 374 at 26072541
	Found query 375 at 42452393
	Found query 377 at 29317647
	Found query 378 at 45437643
	Found query 382 at 55891995
	Found query 390 at 28875173
	Found query 391 at 35521164
	Found query 394 at 50807295
	Found query 397 at 25947058
	Found query 398 at 51943514
	Found query 400 at 27413822
	Found query 402 at 46281502
	Found query 404 at 40649945
	Found query 411 at 34829852
	Found query 415 at 55984912
	Found query 416 at 49145384
	Found query 417 at 27954200
	Found query 419 at 50159268
	Found query 420 at 41538136
	Found query 422 at 29222007
	Found query 424 at 37751964
	Found query 425 at 38358179
	Found query 426 at 48891571
	Found query 428 at 30032247
	Found query 429 at 50113947
	Found query 430 at 36796697
	Found query 431 at 38461912
	Found query 433 at 29421868
	Found query 434 at 33812213
	Found query 441 at 46401779
	Found query 444 at 48114251
	Found query 445 at 28888430
	Found query 448 at 46992956
	Found query 450 at 50864999
	Found query 451 at 26849492
	Found query 456 at 37222784
	Found query 458 at 30094781
	Found query 461 at 34312229
	Found query 462 at 41327369
	Found query 467 at 46504280
	Found query 467 at 66823975
	Found query 467 at 69996464
	Found query 467 at 70814102
	Found query 467 at 83351476
	Found query 467 at 96052643
	Found query 467 at 96141678
	Found query 468 at 51705817
	Found query 470 at 55879143
	Found query 471 at 41593331
	Found query 474 at 35234515
	Found query 476 at 33069142
	Found query 478 at 41480197
	Found query 480 at 33991195
	Found query 484 at 47651996
	Found query 485 at 48330464
	Found query 487 at 28200193
	Found query 489 at 75111390
	Found query 490 at 52130214
	Found query 491 at 44319854
	Found query 493 at 27781185
	Found query 494 at 37174739
	Found query 495 at 31248815
	Found query 496 at 43301159
	Found query 497 at 30264653
	Found query 500 at 54778136
	Found query 506 at 47726994
	Found query 507 at 51872354
	Found query 509 at 26668473
	Found query 510 at 29653997
	Found query 511 at 35222286
	Found query 515 at 47366698
	Found query 516 at 54331183
	Found query 517 at 47717993
	Found query 518 at 36281446
	Found query 521 at 42601560
	Found query 524 at 30577616
	Found query 528 at 39383429
	Found query 530 at 36263492
	Found query 531 at 42363414
	Found query 535 at 33917361
	Found query 540 at 56384494
	Found query 543 at 38755792
	Found query 544 at 53974471
	Found query 546 at 51038329
	Found query 547 at 50467284
	Found query 551 at 40757354
	Found query 553 at 48990245
	Found query 554 at 26400940
	Found query 555 at 51869990
	Found query 556 at 44955777
	Found query 559 at 49575155
	Found query 560 at 31386017
	Found query 564 at 41270971
	Found query 566 at 38780401
	Found query 568 at 48707231
	Found query 569 at 49396139
	Found query 571 at 39014252
	Found query 572 at 48533617
	Found query 575 at 37307512
	Found query 581 at 46972188
	Found query 585 at 53231554
	Found query 586 at 49218368
	Found query 587 at 32851353
	Found query 588 at 42888761
	Found query 591 at 38709951
	Found query 593 at 47245434
	Found query 594 at 38053298
	Found query 595 at 54185993
	Found query 596 at 46201217
	Found query 597 at 55325240
	Found query 598 at 25810129
	Found query 599 at 35751245
	Found query 601 at 42587983
	Found query 603 at 55064367
	Found query 604 at 54264329
	Found query 606 at 46704102
	Found query 609 at 28523678
	Found query 611 at 38716434
	Found query 612 at 56247357
	Found query 616 at 45308975
	Found query 617 at 38161532
	Found query 618 at 55015093
	Found query 624 at 43722992
	Found query 626 at 51622202
	Found query 630 at 55533634
	Found query 633 at 31756077
	Found query 635 at 51700999
	Found query 640 at 47636411
	Found query 642 at 41258324
	Found query 648 at 48784098
	Found query 650 at 50329398
	Found query 651 at 27833416
	Found query 654 at 55027514
	Found query 655 at 41367819
	Found query 657 at 52743820
	Found query 660 at 27595661
	Found query 661 at 50148722
	Found query 662 at 44841641
	Found query 663 at 41352869
	Found query 664 at 55648422
	Found query 665 at 47504283
	Found query 670 at 54072869
	Found query 674 at 28056237
	Found query 675 at 45532944
	Found query 677 at 36889284
	Found query 680 at 50007592
	Found query 681 at 56091836
	Found query 685 at 47511050
	Found query 687 at 51176742
	Found query 690 at 49012962
	Found query 692 at 27217419
	Found query 693 at 30796593
	Found query 695 at 38023425
	Found query 699 at 30572060
	Found query 701 at 34773530
	Found query 705 at 37520944
	Found query 706 at 26553960
	Found query 708 at 53165871
	Found query 711 at 40003131
	Found query 712 at 32172392
	Found query 713 at 53845556
	Found query 715 at 35604946
	Found query 716 at 41792153
	Found query 717 at 46672102
	Found query 718 at 29819426
	Found query 719 at 41313405
	Found query 720 at 48011389
	Found query 721 at 43080755
	Found query 723 at 55316349
	Found query 728 at 35755811
	Found query 733 at 51442257
	Found query 734 at 35726036
	Found query 736 at 46463100
	Found query 738 at 42415968
	Found query 739 at 52858174
	Found query 741 at 28476132
	Found query 742 at 42109569
	Found query 744 at 32381632
	Found query 748 at 53101215
	Found query 751 at 51504050
	Found query 753 at 46012537
	Found query 755 at 35593116
	Found query 756 at 26776639
	Found query 758 at 56459270
	Found query 759 at 40463852
	Found query 761 at 33084845
	Found query 762 at 42559510
	Found query 767 at 47523892
	Found query 768 at 52154428
	Found query 769 at 51175801
	Found query 770 at 37942527
	Found query 772 at 37459083
	Found query 773 at 32481200
	Found query 775 at 37175621
	Found query 777 at 36455847
	Found query 778 at 40458846
	Found query 781 at 41769586
	Found query 782 at 39977828
	Found query 784 at 35078262
	Found query 785 at 40575490
	Found query 787 at 29835641
	Found query 788 at 55545561
	Found query 789 at 48977810
	Found query 790 at 39977406
	Found query 791 at 46356413
	Found query 794 at 34448974
	Found query 796 at 30674768
	Found query 798 at 54419590
	Found query 800 at 40835388
	Found query 802 at 50074029
	Found query 804 at 53034729
	Found query 807 at 37176149
	Found query 810 at 29887069
	Found query 812 at 34302561
	Found query 813 at 51832906
	Found query 816 at 37902324
	Found query 817 at 38630503
	Found query 819 at 52307770
	Found query 825 at 55680235
	Found query 827 at 41928623
	Found query 829 at 48023543
	Found query 830 at 49424654
	Found query 832 at 35989857
	Found query 834 at 38603310
	Found query 835 at 50031497
	Found query 837 at 53808348
	Found query 839 at 55994670
	Found query 842 at 48906372
	Found query 843 at 35066220
	Found query 844 at 42859679
	Found query 845 at 45817464
	Found query 846 at 46270856
	Found query 850 at 35609764
	Found query 852 at 41320694
	Found query 854 at 33939547
	Found query 855 at 54882597
	Found query 857 at 39935685
	Found query 862 at 31584116
	Found query 869 at 30936213
	Found query 869 at 30949642
	Found query 875 at 49431528
	Found query 876 at 50375782
	Found query 878 at 39797643
	Found query 879 at 25700061
	Found query 882 at 33236602
	Found query 885 at 44939187
	Found query 888 at 34839737
	Found query 889 at 40835627
	Found query 891 at 54861890
	Found query 894 at 35861122
	Found query 897 at 41797413
	Found query 899 at 30121197
	Found query 900 at 51070268
	Found query 901 at 32170183
	Found query 902 at 36345360
	Found query 903 at 33705987
	Found query 904 at 30091267
	Found query 913 at 33350189
	Found query 914 at 49290632
	Found query 916 at 26972677
	Found query 918 at 56144282
	Found query 920 at 46637653
	Found query 921 at 50573892
	Found query 922 at 45467086
	Found query 924 at 53574841
	Found query 925 at 30182077
	Found query 926 at 31290527
	Found query 928 at 27512814
	Found query 929 at 39580888
	Found query 930 at 40027964
	Found query 931 at 50913467
	Found query 936 at 44353118
	Found query 941 at 50584713
	Found query 944 at 38446744
	Found query 947 at 38374554
	Found query 949 at 40997237
	Found query 951 at 45721940
	Found query 952 at 53874026
	Found query 953 at 35876725
	Found query 956 at 45787562
	Found query 957 at 45031890
	Found query 959 at 44719815
	Found query 960 at 42174779
	Found query 961 at 43081274
	Found query 963 at 41708755
	Found query 965 at 52861034
	Found query 970 at 38168757
	Found query 971 at 42625328
	Found query 975 at 28979588
	Found query 978 at 29643782
	Found query 980 at 56054593
	Found query 981 at 55531522
	Found query 989 at 40468317
	Found query 990 at 51505881
	Found query 991 at 48600065
	Found query 996 at 36990607
	Found query 997 at 32704471
	Command being timed: "./bin/fmindex_search --index myIndex.index --query ../data/illumina_reads_100.fasta.gz"
	User time (seconds): 1.64
	System time (seconds): 0.10
	Percent of CPU this job got: 99%
	Elapsed (wall clock) time (h:mm:ss or m:ss): 0:01.75
	Average shared text size (kbytes): 0
	Average unshared data size (kbytes): 0
	Average stack size (kbytes): 0
	Average total size (kbytes): 0
	Maximum resident set size (kbytes): 82124
	Average resident set size (kbytes): 0
	Major (requiring I/O) page faults: 0
	Minor (reclaiming a frame) page faults: 21358
	Voluntary context switches: 0
	Involuntary context switches: 0
	Swaps: 0
	File system inputs: 0
	File system outputs: 0
	Socket messages sent: 0
	Socket messages received: 0
	Signals delivered: 0
	Page size (bytes): 4096
	Exit status: 0
