Found query between 53602660 and 53602760
Found query between 53134011 and 53134111
Found query between 52688729 and 52688829
Found query between 49549225 and 49549325
Found query between 47333885 and 47333985
Found query between 53289771 and 53289871
Found query between 35595015 and 35595115
Found query between 45292932 and 45293032
Found query between 45320175 and 45320275
Found query between 26609800 and 26609900
Found query between 30654369 and 30654469
Found query between 51685586 and 51685686
Found query between 56452999 and 56453099
Found query between 37707359 and 37707459
Found query between 55999386 and 55999486
Found query between 34289837 and 34289937
Found query between 53863250 and 53863350
Found query between 37438725 and 37438825
Found query between 55097256 and 55097356
Found query between 39379822 and 39379922
Found query between 54559781 and 54559881
Found query between 43812516 and 43812616
Found query between 31289441 and 31289541
Found query between 26216341 and 26216441
Found query between 31267198 and 31267298
Found query between 36140018 and 36140118
Found query between 29933113 and 29933213
Found query between 37293624 and 37293724
Found query between 43792399 and 43792499
Found query between 54622110 and 54622210
Found query between 40091701 and 40091801
Found query between 51470337 and 51470437
Found query between 49498027 and 49498127
Found query between 55060391 and 55060491
Found query between 51251170 and 51251270
Found query between 50127589 and 50127689
Found query between 40585860 and 40585960
Found query between 46858484 and 46858584
Found query between 41873220 and 41873320
Found query between 52560256 and 52560356
Found query between 46894069 and 46894169
Found query between 54251334 and 54251434
Found query between 40376389 and 40376489
Found query between 54828671 and 54828771
Found query between 54943093 and 54943193
Found query between 40573789 and 40573889
Found query between 36995130 and 36995230
Found query between 49221465 and 49221565
Found query between 55498906 and 55499006
Found query between 49152306 and 49152406
Found query between 41408802 and 41408902
Found query between 56161296 and 56161396
Found query between 36123580 and 36123680
Found query between 52029102 and 52029202
Found query between 48342453 and 48342553
Found query between 55102675 and 55102775
Found query between 45624727 and 45624827
Found query between 35437713 and 35437813
Found query between 42405055 and 42405155
Found query between 44717815 and 44717915
Found query between 38836818 and 38836918
Found query between 35715112 and 35715212
Found query between 32287905 and 32288005
Found query between 42220249 and 42220349
Found query between 37525507 and 37525607
Found query between 47826726 and 47826826
Found query between 54224241 and 54224341
Found query between 27915635 and 27915735
Found query between 27371753 and 27371853
Found query between 46794223 and 46794323
Found query between 27043714 and 27043814
Found query between 34451322 and 34451422
Found query between 32907350 and 32907450
Found query between 54007540 and 54007640
Found query between 33504281 and 33504381
Found query between 32377184 and 32377284
Found query between 56259170 and 56259270
Found query between 39358536 and 39358636
Found query between 48926001 and 48926101
Found query between 50305110 and 50305210
Found query between 37311218 and 37311318
Found query between 26263892 and 26263992
Found query between 26773284 and 26773384
Found query between 33865476 and 33865576
Found query between 56007784 and 56007884
Found query between 31488852 and 31488952
Found query between 42573209 and 42573309
Found query between 38154881 and 38154981
Found query between 44767582 and 44767682
Found query between 51391507 and 51391607
Found query between 33601648 and 33601748
Found query between 56090228 and 56090328
Found query between 45589891 and 45589991
Found query between 49925208 and 49925308
Found query between 36538423 and 36538523
Found query between 41479102 and 41479202
Found query between 40184728 and 40184828
Found query between 50517262 and 50517362
Found query between 45268470 and 45268570
Found query between 49678227 and 49678327
Found query between 38682402 and 38682502
Found query between 53580056 and 53580156
Found query between 30494945 and 30495045
Found query between 28491887 and 28491987
Found query between 47046081 and 47046181
Found query between 47934062 and 47934162
Found query between 52782594 and 52782694
Found query between 28775541 and 28775641
Found query between 40160229 and 40160329
Found query between 51208027 and 51208127
Found query between 29620214 and 29620314
Found query between 42422382 and 42422482
Found query between 41419483 and 41419583
Found query between 53973712 and 53973812
Found query between 34072300 and 34072400
Found query between 39259246 and 39259346
Found query between 47361468 and 47361568
Found query between 31063730 and 31063830
Found query between 40335290 and 40335390
Found query between 55371771 and 55371871
Found query between 32958127 and 32958227
Found query between 51309884 and 51309984
Found query between 51577790 and 51577890
Found query between 48673234 and 48673334
Found query between 37297698 and 37297798
Found query between 25583835 and 25583935
Found query between 26601954 and 26602054
Found query between 38127231 and 38127331
Found query between 49152313 and 49152413
Found query between 28312630 and 28312730
Found query between 28771468 and 28771568
Found query between 26083496 and 26083596
Found query between 50018066 and 50018166
Found query between 28882005 and 28882105
Found query between 32599082 and 32599182
Found query between 42500016 and 42500116
Found query between 40350656 and 40350756
Found query between 55059281 and 55059381
Found query between 50341402 and 50341502
Found query between 32366236 and 32366336
Found query between 49319591 and 49319691
Found query between 42208237 and 42208337
Found query between 26131778 and 26131878
Found query between 44834396 and 44834496
Found query between 39203401 and 39203501
Found query between 55776540 and 55776640
Found query between 42634726 and 42634826
Found query between 44498542 and 44498642
Found query between 31412452 and 31412552
Found query between 55508477 and 55508577
Found query between 28502648 and 28502748
Found query between 26072541 and 26072641
Found query between 42452393 and 42452493
Found query between 29317647 and 29317747
Found query between 45437643 and 45437743
Found query between 55891995 and 55892095
Found query between 28875173 and 28875273
Found query between 35521164 and 35521264
Found query between 50807295 and 50807395
Found query between 25947058 and 25947158
Found query between 51943514 and 51943614
Found query between 27413822 and 27413922
Found query between 46281502 and 46281602
Found query between 40649945 and 40650045
Found query between 34829852 and 34829952
Found query between 55984912 and 55985012
Found query between 49145384 and 49145484
Found query between 27954200 and 27954300
Found query between 50159268 and 50159368
Found query between 41538136 and 41538236
Found query between 29222007 and 29222107
Found query between 37751964 and 37752064
Found query between 38358179 and 38358279
Found query between 48891571 and 48891671
Found query between 30032247 and 30032347
Found query between 50113947 and 50114047
Found query between 36796697 and 36796797
Found query between 38461912 and 38462012
Found query between 29421868 and 29421968
Found query between 33812213 and 33812313
Found query between 46401779 and 46401879
Found query between 48114251 and 48114351
Found query between 28888430 and 28888530
Found query between 46992956 and 46993056
Found query between 50864999 and 50865099
Found query between 26849492 and 26849592
Found query between 37222784 and 37222884
Found query between 30094781 and 30094881
Found query between 34312229 and 34312329
Found query between 41327369 and 41327469
Found query between 46504280 and 46504380
Found query between 66823975 and 66824075
Found query between 69996464 and 69996564
Found query between 70814102 and 70814202
Found query between 83351476 and 83351576
Found query between 96052643 and 96052743
Found query between 96141678 and 96141778
Found query between 51705817 and 51705917
Found query between 55879143 and 55879243
Found query between 41593331 and 41593431
Found query between 35234515 and 35234615
Found query between 33069142 and 33069242
Found query between 41480197 and 41480297
Found query between 33991195 and 33991295
Found query between 47651996 and 47652096
Found query between 48330464 and 48330564
Found query between 28200193 and 28200293
Found query between 75111390 and 75111490
Found query between 52130214 and 52130314
Found query between 44319854 and 44319954
Found query between 27781185 and 27781285
Found query between 37174739 and 37174839
Found query between 31248815 and 31248915
Found query between 43301159 and 43301259
Found query between 30264653 and 30264753
Found query between 54778136 and 54778236
Found query between 47726994 and 47727094
Found query between 51872354 and 51872454
Found query between 26668473 and 26668573
Found query between 29653997 and 29654097
Found query between 35222286 and 35222386
Found query between 47366698 and 47366798
Found query between 54331183 and 54331283
Found query between 47717993 and 47718093
Found query between 36281446 and 36281546
Found query between 42601560 and 42601660
Found query between 30577616 and 30577716
Found query between 39383429 and 39383529
Found query between 36263492 and 36263592
Found query between 42363414 and 42363514
Found query between 33917361 and 33917461
Found query between 56384494 and 56384594
Found query between 38755792 and 38755892
Found query between 53974471 and 53974571
Found query between 51038329 and 51038429
Found query between 50467284 and 50467384
Found query between 40757354 and 40757454
Found query between 48990245 and 48990345
Found query between 26400940 and 26401040
Found query between 51869990 and 51870090
Found query between 44955777 and 44955877
Found query between 49575155 and 49575255
Found query between 31386017 and 31386117
Found query between 41270971 and 41271071
Found query between 38780401 and 38780501
Found query between 48707231 and 48707331
Found query between 49396139 and 49396239
Found query between 39014252 and 39014352
Found query between 48533617 and 48533717
Found query between 37307512 and 37307612
Found query between 46972188 and 46972288
Found query between 53231554 and 53231654
Found query between 49218368 and 49218468
Found query between 32851353 and 32851453
Found query between 42888761 and 42888861
Found query between 38709951 and 38710051
Found query between 47245434 and 47245534
Found query between 38053298 and 38053398
Found query between 54185993 and 54186093
Found query between 46201217 and 46201317
Found query between 55325240 and 55325340
Found query between 25810129 and 25810229
Found query between 35751245 and 35751345
Found query between 42587983 and 42588083
Found query between 55064367 and 55064467
Found query between 54264329 and 54264429
Found query between 46704102 and 46704202
Found query between 28523678 and 28523778
Found query between 38716434 and 38716534
Found query between 56247357 and 56247457
Found query between 45308975 and 45309075
Found query between 38161532 and 38161632
Found query between 55015093 and 55015193
Found query between 43722992 and 43723092
Found query between 51622202 and 51622302
Found query between 55533634 and 55533734
Found query between 31756077 and 31756177
Found query between 51700999 and 51701099
Found query between 47636411 and 47636511
Found query between 41258324 and 41258424
Found query between 48784098 and 48784198
Found query between 50329398 and 50329498
Found query between 27833416 and 27833516
Found query between 55027514 and 55027614
Found query between 41367819 and 41367919
Found query between 52743820 and 52743920
Found query between 27595661 and 27595761
Found query between 50148722 and 50148822
Found query between 44841641 and 44841741
Found query between 41352869 and 41352969
Found query between 55648422 and 55648522
Found query between 47504283 and 47504383
Found query between 54072869 and 54072969
Found query between 28056237 and 28056337
Found query between 45532944 and 45533044
Found query between 36889284 and 36889384
Found query between 50007592 and 50007692
Found query between 56091836 and 56091936
Found query between 47511050 and 47511150
Found query between 51176742 and 51176842
Found query between 49012962 and 49013062
Found query between 27217419 and 27217519
Found query between 30796593 and 30796693
Found query between 38023425 and 38023525
Found query between 30572060 and 30572160
Found query between 34773530 and 34773630
Found query between 37520944 and 37521044
Found query between 26553960 and 26554060
Found query between 53165871 and 53165971
Found query between 40003131 and 40003231
Found query between 32172392 and 32172492
Found query between 53845556 and 53845656
Found query between 35604946 and 35605046
Found query between 41792153 and 41792253
Found query between 46672102 and 46672202
Found query between 29819426 and 29819526
Found query between 41313405 and 41313505
Found query between 48011389 and 48011489
Found query between 43080755 and 43080855
Found query between 55316349 and 55316449
Found query between 35755811 and 35755911
Found query between 51442257 and 51442357
Found query between 35726036 and 35726136
Found query between 46463100 and 46463200
Found query between 42415968 and 42416068
Found query between 52858174 and 52858274
Found query between 28476132 and 28476232
Found query between 42109569 and 42109669
Found query between 32381632 and 32381732
Found query between 53101215 and 53101315
Found query between 51504050 and 51504150
Found query between 46012537 and 46012637
Found query between 35593116 and 35593216
Found query between 26776639 and 26776739
Found query between 56459270 and 56459370
Found query between 40463852 and 40463952
Found query between 33084845 and 33084945
Found query between 42559510 and 42559610
Found query between 47523892 and 47523992
Found query between 52154428 and 52154528
Found query between 51175801 and 51175901
Found query between 37942527 and 37942627
Found query between 37459083 and 37459183
Found query between 32481200 and 32481300
Found query between 37175621 and 37175721
Found query between 36455847 and 36455947
Found query between 40458846 and 40458946
Found query between 41769586 and 41769686
Found query between 39977828 and 39977928
Found query between 35078262 and 35078362
Found query between 40575490 and 40575590
Found query between 29835641 and 29835741
Found query between 55545561 and 55545661
Found query between 48977810 and 48977910
Found query between 39977406 and 39977506
Found query between 46356413 and 46356513
Found query between 34448974 and 34449074
Found query between 30674768 and 30674868
Found query between 54419590 and 54419690
Found query between 40835388 and 40835488
Found query between 50074029 and 50074129
Found query between 53034729 and 53034829
Found query between 37176149 and 37176249
Found query between 29887069 and 29887169
Found query between 34302561 and 34302661
Found query between 51832906 and 51833006
Found query between 37902324 and 37902424
Found query between 38630503 and 38630603
Found query between 52307770 and 52307870
Found query between 55680235 and 55680335
Found query between 41928623 and 41928723
Found query between 48023543 and 48023643
Found query between 49424654 and 49424754
Found query between 35989857 and 35989957
Found query between 38603310 and 38603410
Found query between 50031497 and 50031597
Found query between 53808348 and 53808448
Found query between 55994670 and 55994770
Found query between 48906372 and 48906472
Found query between 35066220 and 35066320
Found query between 42859679 and 42859779
Found query between 45817464 and 45817564
Found query between 46270856 and 46270956
Found query between 35609764 and 35609864
Found query between 41320694 and 41320794
Found query between 33939547 and 33939647
Found query between 54882597 and 54882697
Found query between 39935685 and 39935785
Found query between 31584116 and 31584216
Found query between 30936213 and 30936313
Found query between 30949642 and 30949742
Found query between 49431528 and 49431628
Found query between 50375782 and 50375882
Found query between 39797643 and 39797743
Found query between 25700061 and 25700161
Found query between 33236602 and 33236702
Found query between 44939187 and 44939287
Found query between 34839737 and 34839837
Found query between 40835627 and 40835727
Found query between 54861890 and 54861990
Found query between 35861122 and 35861222
Found query between 41797413 and 41797513
Found query between 30121197 and 30121297
Found query between 51070268 and 51070368
Found query between 32170183 and 32170283
Found query between 36345360 and 36345460
Found query between 33705987 and 33706087
Found query between 30091267 and 30091367
Found query between 33350189 and 33350289
Found query between 49290632 and 49290732
Found query between 26972677 and 26972777
Found query between 56144282 and 56144382
Found query between 46637653 and 46637753
Found query between 50573892 and 50573992
Found query between 45467086 and 45467186
Found query between 53574841 and 53574941
Found query between 30182077 and 30182177
Found query between 31290527 and 31290627
Found query between 27512814 and 27512914
Found query between 39580888 and 39580988
Found query between 40027964 and 40028064
Found query between 50913467 and 50913567
Found query between 44353118 and 44353218
Found query between 50584713 and 50584813
Found query between 38446744 and 38446844
Found query between 38374554 and 38374654
Found query between 40997237 and 40997337
Found query between 45721940 and 45722040
Found query between 53874026 and 53874126
Found query between 35876725 and 35876825
Found query between 45787562 and 45787662
Found query between 45031890 and 45031990
Found query between 44719815 and 44719915
Found query between 42174779 and 42174879
Found query between 43081274 and 43081374
Found query between 41708755 and 41708855
Found query between 52861034 and 52861134
Found query between 38168757 and 38168857
Found query between 42625328 and 42625428
Found query between 28979588 and 28979688
Found query between 29643782 and 29643882
Found query between 56054593 and 56054693
Found query between 55531522 and 55531622
Found query between 40468317 and 40468417
Found query between 51505881 and 51505981
Found query between 48600065 and 48600165
Found query between 36990607 and 36990707
Found query between 32704471 and 32704571
The Program took 2482
        Command being timed: "./bin/naive_search --reference ../data/hg38_partial.fasta.gz --query ../data/illumina_reads_100.fasta.gz"
        User time (seconds): 2496.43
        System time (seconds): 0.15
        Percent of CPU this job got: 99%
        Elapsed (wall clock) time (h:mm:ss or m:ss): 41:36.72
        Average shared text size (kbytes): 0
        Average unshared data size (kbytes): 0
        Average stack size (kbytes): 0
        Average total size (kbytes): 0
        Maximum resident set size (kbytes): 217000
        Average resident set size (kbytes): 0
        Major (requiring I/O) page faults: 0
        Minor (reclaiming a frame) page faults: 111655
        Voluntary context switches: 0
        Involuntary context switches: 0
        Swaps: 0
        File system inputs: 0
        File system outputs: 0
        Socket messages sent: 0
        Socket messages received: 0
        Signals delivered: 0
        Page size (bytes): 4096
        Exit status: 0