	Found query between 53602660 and 53602760
	Found query between 14526638 and 14526738
	Found query between 34732231 and 34732331
	Found query between 75442938 and 75443038
	Found query between 28079077 and 28079177
	Found query between 53134011 and 53134111
	Found query between 41405377 and 41405477
	Found query between 47749089 and 47749189
	Found query between 45430325 and 45430425
	Found query between 72205776 and 72205876
	Found query between 28470056 and 28470156
	Found query between 52767004 and 52767104
	Found query between 76859734 and 76859834
	Found query between 91594072 and 91594172
	Found query between 52688729 and 52688829
	Found query between 38264152 and 38264252
	Found query between 84050355 and 84050455
	Found query between 62544230 and 62544330
	Found query between 85015123 and 85015223
	Found query between 49549225 and 49549325
	Found query between 30908869 and 30908969
	Found query between 39409552 and 39409652
	Found query between 21651751 and 21651851
	Found query between 47333885 and 47333985
	Found query between 99843321 and 99843421
	Found query between 53289771 and 53289871
	Found query between 3548047 and 3548147
	Found query between 35595015 and 35595115
	Found query between 60357394 and 60357494
	Found query between 31174562 and 31174662
	Found query between 54586769 and 54586869
	Found query between 45292932 and 45293032
	Found query between 78872803 and 78872903
	Found query between 55023357 and 55023457
	Found query between 6241282 and 6241382
	Found query between 45320175 and 45320275
	Found query between 26609800 and 26609900
	Found query between 3830598 and 3830698
	Found query between 91359396 and 91359496
	Found query between 87364236 and 87364336
	Found query between 61771623 and 61771723
	Found query between 43811134 and 43811234
	Found query between 30654369 and 30654469
	Found query between 69662889 and 69662989
	Found query between 30217659 and 30217759
	Found query between 41112781 and 41112881
	Found query between 42964515 and 42964615
	Found query between 65987626 and 65987726
	Found query between 7157713 and 7157813
	Found query between 38412754 and 38412854
	Found query between 40173703 and 40173803
	Found query between 51685586 and 51685686
	Found query between 73157683 and 73157783
	Found query between 33880004 and 33880104
	Found query between 4132201 and 4132301
	Found query between 87330260 and 87330360
	Found query between 71860768 and 71860868
	Found query between 60572681 and 60572781
	Found query between 86736084 and 86736184
	Found query between 56452999 and 56453099
	Found query between 37707359 and 37707459
	Found query between 8167925 and 8168025
	Found query between 4139594 and 4139694
	Found query between 64928562 and 64928662
	Found query between 55999386 and 55999486
	Found query between 24393734 and 24393834
	Found query between 9314297 and 9314397
	Found query between 40066326 and 40066426
	Found query between 13937723 and 13937823
	Found query between 72400644 and 72400744
	Found query between 34289837 and 34289937
	Found query between 98355669 and 98355769
	Found query between 65099060 and 65099160
	Found query between 40975924 and 40976024
	Found query between 20591173 and 20591273
	Found query between 13559085 and 13559185
	Found query between 49560982 and 49561082
	Found query between 53863250 and 53863350
	Found query between 10559626 and 10559726
	Found query between 16519198 and 16519298
	Found query between 37438725 and 37438825
	Found query between 77036498 and 77036598
	Found query between 2040091 and 2040191
	Found query between 47480989 and 47481089
	Found query between 90825853 and 90825953
	Found query between 88039134 and 88039234
	Found query between 20644341 and 20644441
	Found query between 86146481 and 86146581
	Found query between 74385212 and 74385312
	Found query between 55097256 and 55097356
	Found query between 79997232 and 79997332
	Found query between 20455059 and 20455159
	Found query between 91153706 and 91153806
	Found query between 39379822 and 39379922
	Found query between 16428224 and 16428324
	Found query between 54559781 and 54559881
	Found query between 63562 and 63662
	Found query between 58862491 and 58862591
	Found query between 89211677 and 89211777
	Found query between 78269319 and 78269419
	Found query between 5108751 and 5108851
	Found query between 30861295 and 30861395
	Found query between 43812516 and 43812616
	Found query between 45463638 and 45463738
	Found query between 31289441 and 31289541
	Found query between 85339173 and 85339273
	Found query between 33215544 and 33215644
	Found query between 6278666 and 6278766
	Found query between 13853326 and 13853426
	Found query between 93356219 and 93356319
	Found query between 26216341 and 26216441
	Found query between 55761917 and 55762017
	Found query between 30892641 and 30892741
	Found query between 31267198 and 31267298
	Found query between 16175580 and 16175680
	Found query between 36140018 and 36140118
	Found query between 4484824 and 4484924
	Found query between 18663361 and 18663461
	Found query between 29933113 and 29933213
	Found query between 95091649 and 95091749
	Found query between 46128306 and 46128406
	Found query between 22352695 and 22352795
	Found query between 41729695 and 41729795
	Found query between 3687050 and 3687150
	Found query between 37293624 and 37293724
	Found query between 17316889 and 17316989
	Found query between 25226663 and 25226763
	Found query between 94428504 and 94428604
	Found query between 98583836 and 98583936
	Found query between 82289950 and 82290050
	Found query between 43792399 and 43792499
	Found query between 26766398 and 26766498
	Found query between 29391750 and 29391850
	Found query between 46092062 and 46092162
	Found query between 59634241 and 59634341
	Found query between 54622110 and 54622210
	Found query between 22433269 and 22433369
	Found query between 40091701 and 40091801
	Found query between 51470337 and 51470437
	Found query between 72119232 and 72119332
	Found query between 97562574 and 97562674
	Found query between 89411574 and 89411674
	Found query between 15408574 and 15408674
	Found query between 49498027 and 49498127
	Found query between 67926773 and 67926873
	Found query between 69166369 and 69166469
	Found query between 55060391 and 55060491
	Found query between 26757976 and 26758076
	Found query between 15981702 and 15981802
	Found query between 64496922 and 64497022
	Found query between 31961969 and 31962069
	Found query between 35845895 and 35845995
	Found query between 43432304 and 43432404
	Found query between 53519874 and 53519974
	Found query between 51251170 and 51251270
	Found query between 33958702 and 33958802
	Found query between 26090534 and 26090634
	Found query between 44902796 and 44902896
	Found query between 71334844 and 71334944
	Found query between 78638896 and 78638996
	Found query between 18424140 and 18424240
	Found query between 52931083 and 52931183
	Found query between 94665911 and 94666011
	Found query between 39739848 and 39739948
	Found query between 33096408 and 33096508
	Found query between 40096055 and 40096155
	Found query between 66323811 and 66323911
	Found query between 66622724 and 66622824
	Found query between 59519484 and 59519584
	Found query between 50127589 and 50127689
	Found query between 79149598 and 79149698
	Found query between 64480852 and 64480952
	Found query between 84049401 and 84049501
	Found query between 4841983 and 4842083
	Found query between 78720074 and 78720174
	Found query between 48157419 and 48157519
	Found query between 40585860 and 40585960
	Found query between 74608287 and 74608387
	Found query between 46858484 and 46858584
	Found query between 97983844 and 97983944
	Found query between 42808191 and 42808291
	Found query between 27825096 and 27825196
	Found query between 5385293 and 5385393
	Found query between 36724157 and 36724257
	Found query between 54747976 and 54748076
	Found query between 28015408 and 28015508
	Found query between 11046358 and 11046458
	Found query between 58043400 and 58043500
	Found query between 7353011 and 7353111
	Found query between 92314285 and 92314385
	Found query between 85234964 and 85235064
	Found query between 23269092 and 23269192
	Found query between 41873220 and 41873320
	Found query between 46751835 and 46751935
	Found query between 61917393 and 61917493
	Found query between 60031845 and 60031945
	Found query between 62353628 and 62353728
	Found query between 52560256 and 52560356
	Found query between 13442232 and 13442332
	Found query between 60681096 and 60681196
The Program took 2ms with 100 queries. 
	Command being timed: "./bin/suffixarray_search --reference ../data/hg38_partial.fasta.gz --query ../data/illumina_reads_100.fasta.gz"
	User time (seconds): 29.75
	System time (seconds): 0.57
	Percent of CPU this job got: 99%
	Elapsed (wall clock) time (h:mm:ss or m:ss): 0:30.37
	Average shared text size (kbytes): 0
	Average unshared data size (kbytes): 0
	Average stack size (kbytes): 0
	Average total size (kbytes): 0
	Maximum resident set size (kbytes): 607952
	Average resident set size (kbytes): 0
	Major (requiring I/O) page faults: 0
	Minor (reclaiming a frame) page faults: 209631
	Voluntary context switches: 0
	Involuntary context switches: 0
	Swaps: 0
	File system inputs: 0
	File system outputs: 0
	Socket messages sent: 0
	Socket messages received: 0
	Signals delivered: 0
	Page size (bytes): 4096
	Exit status: 0
